<?xml version="1.0" encoding="UTF-8"?>
<testsuite xmlns:xsi="http://www.w3.org/2001/XMLSchema-instance" xsi:noNamespaceSchemaLocation="https://maven.apache.org/surefire/maven-surefire-plugin/xsd/surefire-test-report.xsd" name="com.bank.service.BankSearchServiceTest" time="0.678" tests="7" errors="0" skipped="0" failures="0">
  <properties>
[...]
</properties>
  <testcase name="testGetBalanceByAccountNumber" classname="com.bank.service.BankSearchServiceTest" time="0.24"/>
  <testcase name="testGetPasswordByUserId" classname="com.bank.service.BankSearchServiceTest" time="0.052"/>
  <testcase name="testGetAllTransactionsFalse" classname="com.bank.service.BankSearchServiceTest" time="0.001"/>
  <testcase name="testGetPasswordByempIdFalse" classname="com.bank.service.BankSearchServiceTest" time="0.051"/>
  <testcase name="testGetBalanceByAccountNumberFalse" classname="com.bank.service.BankSearchServiceTest" time="0.05"/>
  <testcase name="testGetPasswordByempId" classname="com.bank.service.BankSearchServiceTest" time="0.05"/>
  <testcase name="testGetPasswordByUserIdFalse" classname="com.bank.service.BankSearchServiceTest" time="0.157"/>
</testsuite>